<?xml version="1.0" encoding="UTF-8"?>
<robot generator="Robot 6.0 (Python 3.10.8 on win32)" generated="20221108 22:35:37.217" rpa="false" schemaversion="3">
<suite id="s1" name="Login" source="C:\SmartBit\web\tests\login.robot">
<test id="s1-t1" name="Login do Administrador" line="8">
<kw name=" Go To Login Page" library="keywords">
<kw name="New Browser" library="Browser">
<arg>headless=false</arg>
<arg>browser=chromium</arg>
<tag>BrowserControl</tag>
<tag>Setter</tag>
<doc>Create a new playwright Browser with specified options.</doc>
<msg timestamp="20221108 22:35:38.697" level="INFO">{"browser": "chromium", "headless": false, "devtools": false, "handleSIGHUP": true, "handleSIGINT": true, "handleSIGTERM": true, "slowMo": 0.0, "timeout": 30000.0, "deprecated_pos_args": [], "tracesDir": "C:\\SmartBit\\web\\.logs\\browser\\traces\\23c40245-a1e5-426a-b395-322fa45358a7"}</msg>
<msg timestamp="20221108 22:35:39.881" level="INFO">Successfully created browser with options: {"browser":"chromium","headless":false,"devtools":false,"handleSIGHUP":true,"handleSIGINT":true,"handleSIGTERM":true,"slowMo":0,"timeout":30000,"deprecated_pos_args":[],"tracesDir":"C:\\SmartBit\\web\\.logs\\browser\\traces\\23c40245-a1e5-426a-b395-322fa45358a7"}</msg>
<status status="PASS" starttime="20221108 22:35:38.696" endtime="20221108 22:35:39.881"/>
</kw>
<kw name="New Page" library="Browser">
<arg>http://localhost:3000</arg>
<tag>BrowserControl</tag>
<tag>Setter</tag>
<doc>Open a new Page.</doc>
<msg timestamp="20221108 22:35:41.557" level="INFO">Successfully initialized new page object and opened url: http://localhost:3000</msg>
<msg timestamp="20221108 22:35:41.557" level="INFO">No context was open. New context was automatically opened when this page is created.</msg>
<status status="PASS" starttime="20221108 22:35:39.881" endtime="20221108 22:35:41.557"/>
</kw>
<status status="PASS" starttime="20221108 22:35:38.695" endtime="20221108 22:35:41.558"/>
</kw>
<kw name="Fill Credenciais" library="keywords">
<arg>admin@smartbit.com</arg>
<arg>qacademy</arg>
<kw name="Fill Text" library="Browser">
<arg>css=input[name=email]</arg>
<arg>${email}</arg>
<tag>PageContent</tag>
<tag>Setter</tag>
<doc>Clears and fills the given ``txt`` into the text field found by ``selector``.</doc>
<msg timestamp="20221108 22:35:41.571" level="INFO">Fills the text 'admin@smartbit.com' in the given field.</msg>
<status status="PASS" starttime="20221108 22:35:41.570" endtime="20221108 22:35:41.696"/>
</kw>
<kw name="Fill Text" library="Browser">
<arg>css=input[name=password]</arg>
<arg>${pass}</arg>
<tag>PageContent</tag>
<tag>Setter</tag>
<doc>Clears and fills the given ``txt`` into the text field found by ``selector``.</doc>
<msg timestamp="20221108 22:35:41.696" level="INFO">Fills the text 'qacademy' in the given field.</msg>
<status status="PASS" starttime="20221108 22:35:41.696" endtime="20221108 22:35:41.756"/>
</kw>
<status status="PASS" starttime="20221108 22:35:41.569" endtime="20221108 22:35:41.756"/>
</kw>
<kw name="Submit Credenciais" library="keywords">
<kw name="Click" library="Browser">
<arg>css=button &gt;&gt; text=Entrar no sistema</arg>
<tag>PageContent</tag>
<tag>Setter</tag>
<doc>Simulates mouse click on the element found by ``selector``.</doc>
<status status="PASS" starttime="20221108 22:35:41.760" endtime="20221108 22:35:41.883"/>
</kw>
<status status="PASS" starttime="20221108 22:35:41.759" endtime="20221108 22:35:41.883"/>
</kw>
<kw name="User Should Be Looged In" library="keywords">
<kw name="Set Variable" library="BuiltIn">
<var>${logged_user}</var>
<arg>css=aside strong</arg>
<doc>Returns the given values which can then be assigned to a variables.</doc>
<msg timestamp="20221108 22:35:41.888" level="INFO">${logged_user} = css=aside strong</msg>
<status status="PASS" starttime="20221108 22:35:41.887" endtime="20221108 22:35:41.888"/>
</kw>
<kw name="Wait For Elements State" library="Browser">
<arg>${logged_user}</arg>
<arg>visible</arg>
<arg>5</arg>
<tag>PageContent</tag>
<tag>Wait</tag>
<doc>Waits for the element found by ``selector`` to satisfy state option.</doc>
<msg timestamp="20221108 22:35:42.131" level="INFO">Waited for Element with selector css=aside strong at state visible</msg>
<status status="PASS" starttime="20221108 22:35:41.889" endtime="20221108 22:35:42.131"/>
</kw>
<kw name="Get Text" library="Browser">
<arg>${logged_user}</arg>
<arg>equal</arg>
<arg>Admin</arg>
<tag>Assertion</tag>
<tag>Getter</tag>
<tag>PageContent</tag>
<doc>Returns text attribute of the element found by ``selector``.</doc>
<status status="PASS" starttime="20221108 22:35:42.147" endtime="20221108 22:35:42.222"/>
</kw>
<status status="PASS" starttime="20221108 22:35:41.885" endtime="20221108 22:35:42.222"/>
</kw>
<tag>loginvalido</tag>
<status status="PASS" starttime="20221108 22:35:38.689" endtime="20221108 22:35:42.222"/>
</test>
<test id="s1-t2" name="Email não cadastrado" line="15">
<kw name=" Go To Login Page" library="keywords">
<kw name="New Browser" library="Browser">
<arg>headless=false</arg>
<arg>browser=chromium</arg>
<tag>BrowserControl</tag>
<tag>Setter</tag>
<doc>Create a new playwright Browser with specified options.</doc>
<msg timestamp="20221108 22:35:42.462" level="INFO">{"browser": "chromium", "headless": false, "devtools": false, "handleSIGHUP": true, "handleSIGINT": true, "handleSIGTERM": true, "slowMo": 0.0, "timeout": 30000.0, "deprecated_pos_args": [], "tracesDir": "C:\\SmartBit\\web\\.logs\\browser\\traces\\6f68c131-39ec-470b-b3e1-ce08890fde64"}</msg>
<msg timestamp="20221108 22:35:43.730" level="INFO">Successfully created browser with options: {"browser":"chromium","headless":false,"devtools":false,"handleSIGHUP":true,"handleSIGINT":true,"handleSIGTERM":true,"slowMo":0,"timeout":30000,"deprecated_pos_args":[],"tracesDir":"C:\\SmartBit\\web\\.logs\\browser\\traces\\6f68c131-39ec-470b-b3e1-ce08890fde64"}</msg>
<status status="PASS" starttime="20221108 22:35:42.460" endtime="20221108 22:35:43.730"/>
</kw>
<kw name="New Page" library="Browser">
<arg>http://localhost:3000</arg>
<tag>BrowserControl</tag>
<tag>Setter</tag>
<doc>Open a new Page.</doc>
<msg timestamp="20221108 22:35:45.281" level="INFO">Successfully initialized new page object and opened url: http://localhost:3000</msg>
<msg timestamp="20221108 22:35:45.282" level="INFO">No context was open. New context was automatically opened when this page is created.</msg>
<status status="PASS" starttime="20221108 22:35:43.730" endtime="20221108 22:35:45.282"/>
</kw>
<status status="PASS" starttime="20221108 22:35:42.459" endtime="20221108 22:35:45.283"/>
</kw>
<kw name="Fill Credenciais" library="keywords">
<arg>teste@smartbit.com.br</arg>
<arg>qacademy</arg>
<kw name="Fill Text" library="Browser">
<arg>css=input[name=email]</arg>
<arg>${email}</arg>
<tag>PageContent</tag>
<tag>Setter</tag>
<doc>Clears and fills the given ``txt`` into the text field found by ``selector``.</doc>
<msg timestamp="20221108 22:35:45.293" level="INFO">Fills the text 'teste@smartbit.com.br' in the given field.</msg>
<status status="PASS" starttime="20221108 22:35:45.290" endtime="20221108 22:35:45.373"/>
</kw>
<kw name="Fill Text" library="Browser">
<arg>css=input[name=password]</arg>
<arg>${pass}</arg>
<tag>PageContent</tag>
<tag>Setter</tag>
<doc>Clears and fills the given ``txt`` into the text field found by ``selector``.</doc>
<msg timestamp="20221108 22:35:45.374" level="INFO">Fills the text 'qacademy' in the given field.</msg>
<status status="PASS" starttime="20221108 22:35:45.374" endtime="20221108 22:35:45.406"/>
</kw>
<status status="PASS" starttime="20221108 22:35:45.289" endtime="20221108 22:35:45.406"/>
</kw>
<kw name="Submit Credenciais" library="keywords">
<kw name="Click" library="Browser">
<arg>css=button &gt;&gt; text=Entrar no sistema</arg>
<tag>PageContent</tag>
<tag>Setter</tag>
<doc>Simulates mouse click on the element found by ``selector``.</doc>
<status status="PASS" starttime="20221108 22:35:45.408" endtime="20221108 22:35:45.492"/>
</kw>
<status status="PASS" starttime="20221108 22:35:45.407" endtime="20221108 22:35:45.493"/>
</kw>
<kw name="Verify Toaster" library="keywords">
<kw name="Wait For Elements State" library="Browser">
<arg>css=.Toastify__toast-body div &gt;&gt; text=Suas credenciais são inválidas, por favor tente novamente!</arg>
<arg>visible</arg>
<arg>5</arg>
<tag>PageContent</tag>
<tag>Wait</tag>
<doc>Waits for the element found by ``selector`` to satisfy state option.</doc>
<msg timestamp="20221108 22:35:45.549" level="INFO">Waited for Element with selector css=.Toastify__toast-body div &gt;&gt; text=Suas credenciais são inválidas, por favor tente novamente! at state visible</msg>
<status status="PASS" starttime="20221108 22:35:45.494" endtime="20221108 22:35:45.550"/>
</kw>
<status status="PASS" starttime="20221108 22:35:45.494" endtime="20221108 22:35:45.552"/>
</kw>
<tag>logininvalido</tag>
<status status="PASS" starttime="20221108 22:35:42.453" endtime="20221108 22:35:45.554"/>
</test>
<test id="s1-t3" name="Senha inválida" line="22">
<kw name=" Go To Login Page" library="keywords">
<kw name="New Browser" library="Browser">
<arg>headless=false</arg>
<arg>browser=chromium</arg>
<tag>BrowserControl</tag>
<tag>Setter</tag>
<doc>Create a new playwright Browser with specified options.</doc>
<msg timestamp="20221108 22:35:45.740" level="INFO">{"browser": "chromium", "headless": false, "devtools": false, "handleSIGHUP": true, "handleSIGINT": true, "handleSIGTERM": true, "slowMo": 0.0, "timeout": 30000.0, "deprecated_pos_args": [], "tracesDir": "C:\\SmartBit\\web\\.logs\\browser\\traces\\cf334cce-f7a0-4c73-86fa-a246cdfaca9f"}</msg>
<msg timestamp="20221108 22:35:47.306" level="INFO">Successfully created browser with options: {"browser":"chromium","headless":false,"devtools":false,"handleSIGHUP":true,"handleSIGINT":true,"handleSIGTERM":true,"slowMo":0,"timeout":30000,"deprecated_pos_args":[],"tracesDir":"C:\\SmartBit\\web\\.logs\\browser\\traces\\cf334cce-f7a0-4c73-86fa-a246cdfaca9f"}</msg>
<status status="PASS" starttime="20221108 22:35:45.737" endtime="20221108 22:35:47.307"/>
</kw>
<kw name="New Page" library="Browser">
<arg>http://localhost:3000</arg>
<tag>BrowserControl</tag>
<tag>Setter</tag>
<doc>Open a new Page.</doc>
<msg timestamp="20221108 22:35:48.730" level="INFO">Successfully initialized new page object and opened url: http://localhost:3000</msg>
<msg timestamp="20221108 22:35:48.731" level="INFO">No context was open. New context was automatically opened when this page is created.</msg>
<status status="PASS" starttime="20221108 22:35:47.307" endtime="20221108 22:35:48.732"/>
</kw>
<status status="PASS" starttime="20221108 22:35:45.733" endtime="20221108 22:35:48.733"/>
</kw>
<kw name="Fill Credenciais" library="keywords">
<arg>admin@smartbit.com</arg>
<arg>senha123</arg>
<kw name="Fill Text" library="Browser">
<arg>css=input[name=email]</arg>
<arg>${email}</arg>
<tag>PageContent</tag>
<tag>Setter</tag>
<doc>Clears and fills the given ``txt`` into the text field found by ``selector``.</doc>
<msg timestamp="20221108 22:35:48.737" level="INFO">Fills the text 'admin@smartbit.com' in the given field.</msg>
<status status="PASS" starttime="20221108 22:35:48.736" endtime="20221108 22:35:48.824"/>
</kw>
<kw name="Fill Text" library="Browser">
<arg>css=input[name=password]</arg>
<arg>${pass}</arg>
<tag>PageContent</tag>
<tag>Setter</tag>
<doc>Clears and fills the given ``txt`` into the text field found by ``selector``.</doc>
<msg timestamp="20221108 22:35:48.825" level="INFO">Fills the text 'senha123' in the given field.</msg>
<status status="PASS" starttime="20221108 22:35:48.825" endtime="20221108 22:35:48.857"/>
</kw>
<status status="PASS" starttime="20221108 22:35:48.734" endtime="20221108 22:35:48.857"/>
</kw>
<kw name="Submit Credenciais" library="keywords">
<kw name="Click" library="Browser">
<arg>css=button &gt;&gt; text=Entrar no sistema</arg>
<tag>PageContent</tag>
<tag>Setter</tag>
<doc>Simulates mouse click on the element found by ``selector``.</doc>
<status status="PASS" starttime="20221108 22:35:48.859" endtime="20221108 22:35:48.957"/>
</kw>
<status status="PASS" starttime="20221108 22:35:48.858" endtime="20221108 22:35:48.957"/>
</kw>
<kw name="Verify Toaster" library="keywords">
<kw name="Wait For Elements State" library="Browser">
<arg>css=.Toastify__toast-body div &gt;&gt; text=Suas credenciais são inválidas, por favor tente novamente!</arg>
<arg>visible</arg>
<arg>5</arg>
<tag>PageContent</tag>
<tag>Wait</tag>
<doc>Waits for the element found by ``selector`` to satisfy state option.</doc>
<msg timestamp="20221108 22:35:49.044" level="INFO">Waited for Element with selector css=.Toastify__toast-body div &gt;&gt; text=Suas credenciais são inválidas, por favor tente novamente! at state visible</msg>
<status status="PASS" starttime="20221108 22:35:48.959" endtime="20221108 22:35:49.045"/>
</kw>
<status status="PASS" starttime="20221108 22:35:48.958" endtime="20221108 22:35:49.045"/>
</kw>
<tag>senhainvalida</tag>
<status status="PASS" starttime="20221108 22:35:45.727" endtime="20221108 22:35:49.046"/>
</test>
<doc>Suíte de testes</doc>
<status status="PASS" starttime="20221108 22:35:37.233" endtime="20221108 22:35:49.241"/>
</suite>
<statistics>
<total>
<stat pass="3" fail="0" skip="0">All Tests</stat>
</total>
<tag>
<stat pass="1" fail="0" skip="0">logininvalido</stat>
<stat pass="1" fail="0" skip="0">loginvalido</stat>
<stat pass="1" fail="0" skip="0">senhainvalida</stat>
</tag>
<suite>
<stat pass="3" fail="0" skip="0" id="s1" name="Login">Login</stat>
</suite>
</statistics>
<errors>
</errors>
</robot>
